-------------------------------------------------------------------------------
Test set: com.acgist.test.ApiRegistryApplicationTests
-------------------------------------------------------------------------------
Tests run: 1, Failures: 0, Errors: 1, Skipped: 0, Time elapsed: 4.16 s <<< FAILURE! - in com.acgist.test.ApiRegistryApplicationTests
initializationError(com.acgist.test.ApiRegistryApplicationTests)  Time elapsed: 0.001 s  <<< ERROR!
java.lang.IllegalStateException: Unable to find a @SpringBootConfiguration, you need to use @ContextConfiguration or @SpringBootTest(classes=...) with your test

